2025-10-23 23:17:09.434 +02:00 [INF] User profile is available. Using 'C:\Users\Bruker\AppData\Local\ASP.NET\DataProtection-Keys' as key repository and Windows DPAPI to encrypt keys at rest.
2025-10-23 23:17:09.547 +02:00 [INF] Now listening on: http://localhost:5230
2025-10-23 23:17:09.555 +02:00 [INF] Application started. Press Ctrl+C to shut down.
2025-10-23 23:17:09.556 +02:00 [INF] Hosting environment: Development
2025-10-23 23:17:09.556 +02:00 [INF] Content root path: C:\Users\Bruker\Desktop\Webapp\HealthCalendar\HealthCalendar
2025-10-23 23:17:14.120 +02:00 [INF] Request starting HTTP/1.1 GET http://localhost:5230/ - null null
2025-10-23 23:17:14.153 +02:00 [INF] Executing endpoint 'HealthCalendar.Controllers.HomeController.Index (HealthCalendar)'
2025-10-23 23:17:14.203 +02:00 [INF] Route matched with {action = "Index", controller = "Home"}. Executing controller action with signature Microsoft.AspNetCore.Mvc.IActionResult Index() on controller HealthCalendar.Controllers.HomeController (HealthCalendar).
2025-10-23 23:17:14.232 +02:00 [INF] Executing ViewResult, running view Index.
2025-10-23 23:17:14.437 +02:00 [INF] Executed ViewResult - view Index executed in 209.9214ms.
2025-10-23 23:17:14.438 +02:00 [INF] Request starting HTTP/1.1 GET http://localhost:5230/ - null null
2025-10-23 23:17:14.443 +02:00 [INF] Executed action HealthCalendar.Controllers.HomeController.Index (HealthCalendar) in 238.4891ms
2025-10-23 23:17:14.443 +02:00 [INF] Executing endpoint 'HealthCalendar.Controllers.HomeController.Index (HealthCalendar)'
2025-10-23 23:17:14.443 +02:00 [INF] Executed endpoint 'HealthCalendar.Controllers.HomeController.Index (HealthCalendar)'
2025-10-23 23:17:14.443 +02:00 [INF] Route matched with {action = "Index", controller = "Home"}. Executing controller action with signature Microsoft.AspNetCore.Mvc.IActionResult Index() on controller HealthCalendar.Controllers.HomeController (HealthCalendar).
2025-10-23 23:17:14.447 +02:00 [INF] Executing ViewResult, running view Index.
2025-10-23 23:17:14.448 +02:00 [INF] Request finished HTTP/1.1 GET http://localhost:5230/ - 200 null text/html; charset=utf-8 331.2328ms
2025-10-23 23:17:14.452 +02:00 [INF] Request starting HTTP/1.1 GET http://localhost:5230/css/site.css - null null
2025-10-23 23:17:14.455 +02:00 [INF] Executed ViewResult - view Index executed in 8.139ms.
2025-10-23 23:17:14.455 +02:00 [INF] Executed action HealthCalendar.Controllers.HomeController.Index (HealthCalendar) in 11.67ms
2025-10-23 23:17:14.455 +02:00 [INF] Executed endpoint 'HealthCalendar.Controllers.HomeController.Index (HealthCalendar)'
2025-10-23 23:17:14.456 +02:00 [INF] Request finished HTTP/1.1 GET http://localhost:5230/ - 200 null text/html; charset=utf-8 18.9054ms
2025-10-23 23:17:14.457 +02:00 [INF] Request finished HTTP/1.1 GET http://localhost:5230/css/site.css - 404 0 null 5.1283ms
2025-10-23 23:17:14.460 +02:00 [INF] Request reached the end of the middleware pipeline without being handled by application code. Request path: GET http://localhost:5230/css/site.css, Response status code: 404
2025-10-23 23:17:14.476 +02:00 [INF] Request starting HTTP/1.1 GET http://localhost:5230/css/site.css - null null
2025-10-23 23:17:14.477 +02:00 [INF] Request finished HTTP/1.1 GET http://localhost:5230/css/site.css - 404 0 null 1.2213ms
2025-10-23 23:17:14.477 +02:00 [INF] Request reached the end of the middleware pipeline without being handled by application code. Request path: GET http://localhost:5230/css/site.css, Response status code: 404
2025-10-23 23:17:23.873 +02:00 [INF] Request starting HTTP/1.1 GET http://localhost:5230/Event - null null
2025-10-23 23:17:23.874 +02:00 [INF] Request finished HTTP/1.1 GET http://localhost:5230/Event - 404 0 null 0.8208ms
2025-10-23 23:17:23.874 +02:00 [INF] Request reached the end of the middleware pipeline without being handled by application code. Request path: GET http://localhost:5230/Event, Response status code: 404
2025-10-23 23:17:27.159 +02:00 [INF] Request starting HTTP/1.1 GET http://localhost:5230/Event/Create - null null
2025-10-23 23:17:27.160 +02:00 [INF] Request finished HTTP/1.1 GET http://localhost:5230/Event/Create - 404 0 null 0.6876ms
2025-10-23 23:17:27.160 +02:00 [INF] Request reached the end of the middleware pipeline without being handled by application code. Request path: GET http://localhost:5230/Event/Create, Response status code: 404
2025-10-23 23:17:35.375 +02:00 [INF] Request starting HTTP/1.1 GET http://localhost:5230/ - null null
2025-10-23 23:17:35.376 +02:00 [INF] Executing endpoint 'HealthCalendar.Controllers.HomeController.Index (HealthCalendar)'
2025-10-23 23:17:35.376 +02:00 [INF] Route matched with {action = "Index", controller = "Home"}. Executing controller action with signature Microsoft.AspNetCore.Mvc.IActionResult Index() on controller HealthCalendar.Controllers.HomeController (HealthCalendar).
2025-10-23 23:17:35.376 +02:00 [INF] Executing ViewResult, running view Index.
2025-10-23 23:17:35.380 +02:00 [INF] Executed ViewResult - view Index executed in 3.4545ms.
2025-10-23 23:17:35.380 +02:00 [INF] Executed action HealthCalendar.Controllers.HomeController.Index (HealthCalendar) in 3.7754ms
2025-10-23 23:17:35.380 +02:00 [INF] Executed endpoint 'HealthCalendar.Controllers.HomeController.Index (HealthCalendar)'
2025-10-23 23:17:35.380 +02:00 [INF] Request finished HTTP/1.1 GET http://localhost:5230/ - 200 null text/html; charset=utf-8 5.0611ms
2025-10-23 23:17:35.410 +02:00 [INF] Request starting HTTP/1.1 GET http://localhost:5230/css/site.css - null null
2025-10-23 23:17:35.411 +02:00 [INF] Request finished HTTP/1.1 GET http://localhost:5230/css/site.css - 404 0 null 0.9319ms
2025-10-23 23:17:35.411 +02:00 [INF] Request reached the end of the middleware pipeline without being handled by application code. Request path: GET http://localhost:5230/css/site.css, Response status code: 404
2025-10-23 23:17:36.651 +02:00 [INF] Request starting HTTP/1.1 GET http://localhost:5230/Event - null null
2025-10-23 23:17:36.652 +02:00 [INF] Request finished HTTP/1.1 GET http://localhost:5230/Event - 404 0 null 0.7727ms
2025-10-23 23:17:36.652 +02:00 [INF] Request reached the end of the middleware pipeline without being handled by application code. Request path: GET http://localhost:5230/Event, Response status code: 404
2025-10-23 23:22:05.580 +02:00 [INF] Request starting HTTP/1.1 GET http://localhost:5230/ - null null
2025-10-23 23:22:05.580 +02:00 [INF] Executing endpoint 'HealthCalendar.Controllers.HomeController.Index (HealthCalendar)'
2025-10-23 23:22:05.580 +02:00 [INF] Route matched with {action = "Index", controller = "Home"}. Executing controller action with signature Microsoft.AspNetCore.Mvc.IActionResult Index() on controller HealthCalendar.Controllers.HomeController (HealthCalendar).
2025-10-23 23:22:05.581 +02:00 [INF] Executing ViewResult, running view Index.
2025-10-23 23:22:05.583 +02:00 [INF] Executed ViewResult - view Index executed in 2.6727ms.
2025-10-23 23:22:05.583 +02:00 [INF] Executed action HealthCalendar.Controllers.HomeController.Index (HealthCalendar) in 2.9702ms
2025-10-23 23:22:05.583 +02:00 [INF] Executed endpoint 'HealthCalendar.Controllers.HomeController.Index (HealthCalendar)'
2025-10-23 23:22:05.584 +02:00 [INF] Request finished HTTP/1.1 GET http://localhost:5230/ - 200 null text/html; charset=utf-8 4.0267ms
2025-10-23 23:22:05.606 +02:00 [INF] Request starting HTTP/1.1 GET http://localhost:5230/css/site.css - null null
2025-10-23 23:22:05.607 +02:00 [INF] Request finished HTTP/1.1 GET http://localhost:5230/css/site.css - 404 0 null 0.9407ms
2025-10-23 23:22:05.607 +02:00 [INF] Request reached the end of the middleware pipeline without being handled by application code. Request path: GET http://localhost:5230/css/site.css, Response status code: 404
2025-10-23 23:22:08.193 +02:00 [INF] Request starting HTTP/1.1 GET http://localhost:5230/ - null null
2025-10-23 23:22:08.194 +02:00 [INF] Executing endpoint 'HealthCalendar.Controllers.HomeController.Index (HealthCalendar)'
2025-10-23 23:22:08.194 +02:00 [INF] Route matched with {action = "Index", controller = "Home"}. Executing controller action with signature Microsoft.AspNetCore.Mvc.IActionResult Index() on controller HealthCalendar.Controllers.HomeController (HealthCalendar).
2025-10-23 23:22:08.195 +02:00 [INF] Executing ViewResult, running view Index.
2025-10-23 23:22:08.196 +02:00 [INF] Executed ViewResult - view Index executed in 1.8491ms.
2025-10-23 23:22:08.196 +02:00 [INF] Executed action HealthCalendar.Controllers.HomeController.Index (HealthCalendar) in 2.1518ms
2025-10-23 23:22:08.196 +02:00 [INF] Executed endpoint 'HealthCalendar.Controllers.HomeController.Index (HealthCalendar)'
2025-10-23 23:22:08.197 +02:00 [INF] Request finished HTTP/1.1 GET http://localhost:5230/ - 200 null text/html; charset=utf-8 3.4885ms
2025-10-23 23:22:08.223 +02:00 [INF] Request starting HTTP/1.1 GET http://localhost:5230/css/site.css - null null
2025-10-23 23:22:08.224 +02:00 [INF] Request finished HTTP/1.1 GET http://localhost:5230/css/site.css - 404 0 null 0.997ms
2025-10-23 23:22:08.224 +02:00 [INF] Request reached the end of the middleware pipeline without being handled by application code. Request path: GET http://localhost:5230/css/site.css, Response status code: 404
