2025-10-23 23:23:57.369 +02:00 [INF] User profile is available. Using 'C:\Users\Bruker\AppData\Local\ASP.NET\DataProtection-Keys' as key repository and Windows DPAPI to encrypt keys at rest.
2025-10-23 23:23:57.493 +02:00 [INF] Now listening on: http://localhost:5230
2025-10-23 23:23:57.501 +02:00 [INF] Application started. Press Ctrl+C to shut down.
2025-10-23 23:23:57.503 +02:00 [INF] Hosting environment: Development
2025-10-23 23:23:57.503 +02:00 [INF] Content root path: C:\Users\Bruker\Desktop\Webapp\HealthCalendar\HealthCalendar
2025-10-23 23:24:02.787 +02:00 [INF] Request starting HTTP/1.1 GET http://localhost:5230/ - null null
2025-10-23 23:24:02.826 +02:00 [INF] Executing endpoint 'HealthCalendar.Controllers.HomeController.Index (HealthCalendar)'
2025-10-23 23:24:02.883 +02:00 [INF] Route matched with {action = "Index", controller = "Home"}. Executing controller action with signature Microsoft.AspNetCore.Mvc.IActionResult Index() on controller HealthCalendar.Controllers.HomeController (HealthCalendar).
2025-10-23 23:24:02.915 +02:00 [INF] Executing ViewResult, running view Index.
2025-10-23 23:24:03.131 +02:00 [INF] Executed ViewResult - view Index executed in 221.7232ms.
2025-10-23 23:24:03.132 +02:00 [INF] Request starting HTTP/1.1 GET http://localhost:5230/ - null null
2025-10-23 23:24:03.138 +02:00 [INF] Executed action HealthCalendar.Controllers.HomeController.Index (HealthCalendar) in 253.4228ms
2025-10-23 23:24:03.138 +02:00 [INF] Executing endpoint 'HealthCalendar.Controllers.HomeController.Index (HealthCalendar)'
2025-10-23 23:24:03.138 +02:00 [INF] Executed endpoint 'HealthCalendar.Controllers.HomeController.Index (HealthCalendar)'
2025-10-23 23:24:03.138 +02:00 [INF] Route matched with {action = "Index", controller = "Home"}. Executing controller action with signature Microsoft.AspNetCore.Mvc.IActionResult Index() on controller HealthCalendar.Controllers.HomeController (HealthCalendar).
2025-10-23 23:24:03.143 +02:00 [INF] Executing ViewResult, running view Index.
2025-10-23 23:24:03.144 +02:00 [INF] Request finished HTTP/1.1 GET http://localhost:5230/ - 200 null text/html; charset=utf-8 361.2481ms
2025-10-23 23:24:03.147 +02:00 [INF] Request starting HTTP/1.1 GET http://localhost:5230/css/site.css - null null
2025-10-23 23:24:03.151 +02:00 [INF] Executed ViewResult - view Index executed in 8.5144ms.
2025-10-23 23:24:03.151 +02:00 [INF] Executed action HealthCalendar.Controllers.HomeController.Index (HealthCalendar) in 12.3319ms
2025-10-23 23:24:03.151 +02:00 [INF] Executed endpoint 'HealthCalendar.Controllers.HomeController.Index (HealthCalendar)'
2025-10-23 23:24:03.152 +02:00 [INF] Request finished HTTP/1.1 GET http://localhost:5230/ - 200 null text/html; charset=utf-8 19.7975ms
2025-10-23 23:24:03.152 +02:00 [INF] Request finished HTTP/1.1 GET http://localhost:5230/css/site.css - 404 0 null 4.108ms
2025-10-23 23:24:03.154 +02:00 [INF] Request reached the end of the middleware pipeline without being handled by application code. Request path: GET http://localhost:5230/css/site.css, Response status code: 404
2025-10-23 23:24:03.170 +02:00 [INF] Request starting HTTP/1.1 GET http://localhost:5230/css/site.css - null null
2025-10-23 23:24:03.172 +02:00 [INF] Request finished HTTP/1.1 GET http://localhost:5230/css/site.css - 404 0 null 1.5209ms
2025-10-23 23:24:03.172 +02:00 [INF] Request reached the end of the middleware pipeline without being handled by application code. Request path: GET http://localhost:5230/css/site.css, Response status code: 404
2025-10-23 23:24:07.923 +02:00 [INF] Request starting HTTP/1.1 GET http://localhost:5230/Event - null null
2025-10-23 23:24:07.923 +02:00 [INF] Request finished HTTP/1.1 GET http://localhost:5230/Event - 404 0 null 0.7183ms
2025-10-23 23:24:07.924 +02:00 [INF] Request reached the end of the middleware pipeline without being handled by application code. Request path: GET http://localhost:5230/Event, Response status code: 404
2025-10-24 00:00:36.897 +02:00 [INF] Application is shutting down...
